\BOOKMARK [1][-]{section.1}{Introduction}{}% 1
\BOOKMARK [1][-]{section.2}{Problem Statement}{}% 2
\BOOKMARK [2][-]{subsection.2.1}{Assumptions}{section.2}% 3
\BOOKMARK [2][-]{subsection.2.2}{Definitions}{section.2}% 4
\BOOKMARK [2][-]{subsection.2.3}{Modelling time delay between seismic monitors}{section.2}% 5
\BOOKMARK [1][-]{section.3}{Data}{}% 6
\BOOKMARK [2][-]{subsection.3.1}{The most influential stations}{section.3}% 7
\BOOKMARK [1][-]{section.4}{Methods}{}% 8
\BOOKMARK [2][-]{subsection.4.1}{The graph denoising model}{section.4}% 9
\BOOKMARK [3][-]{subsubsection.4.1.1}{Definitions}{subsection.4.1}% 10
\BOOKMARK [3][-]{subsubsection.4.1.2}{Graph metrics}{subsection.4.1}% 11
\BOOKMARK [3][-]{subsubsection.4.1.3}{Cost function}{subsection.4.1}% 12
\BOOKMARK [2][-]{subsection.4.2}{Clock drift estimate}{section.4}% 13
\BOOKMARK [2][-]{subsection.4.3}{Algorithm}{section.4}% 14
\BOOKMARK [1][-]{section.5}{Results}{}% 15
\BOOKMARK [2][-]{subsection.5.1}{Signal denoising}{section.5}% 16
\BOOKMARK [2][-]{subsection.5.2}{Clock deviations}{section.5}% 17
\BOOKMARK [1][-]{section.6}{Conclusions and Outlook}{}% 18
\BOOKMARK [1][-]{section.7}{Group work dynamics}{}% 19
\BOOKMARK [1][-]{section.8}{Instructor's assessment}{}% 20
\BOOKMARK [1][-]{section.8}{References}{}% 21
